#-----------------------------------------------------------
# Vivado v2017.4 (64-bit)
# SW Build 2086221 on Fri Dec 15 20:55:39 MST 2017
# IP Build 2085800 on Fri Dec 15 22:25:07 MST 2017
# Start of session at: Mon May 19 22:21:24 2025
# Process ID: 70284
# Current directory: C:/Users/kaixunwang/Desktop/RISC-VCPU/RISC-VCPU/RISC-VCPU
# Command line: vivado.exe -gui_launcher_event rodinguilauncherevent75328 C:\Users\kaixunwang\Desktop\RISC-VCPU\RISC-VCPU\RISC-VCPU\RISC-VCPU.xpr
# Log file: C:/Users/kaixunwang/Desktop/RISC-VCPU/RISC-VCPU/RISC-VCPU/vivado.log
# Journal file: C:/Users/kaixunwang/Desktop/RISC-VCPU/RISC-VCPU/RISC-VCPU\vivado.jou
#-----------------------------------------------------------
start_gui
open_project C:/Users/kaixunwang/Desktop/RISC-VCPU/RISC-VCPU/RISC-VCPU/RISC-VCPU.xpr
INFO: [Project 1-313] Project file moved from 'C:/Users/kaixunwang/RISC-VCPU/RISC-VCPU' since last save.
WARNING: [Project 1-312] File not found as 'C:/Users/kaixunwang/Desktop/RISC-VCPU/Desktop/test.coe'; using path 'C:/Users/kaixunwang/Desktop/test.coe' instead.
WARNING: [Project 1-312] File not found as 'C:/Users/kaixunwang/Desktop/RISC-VCPU/Documents/ins.coe'; using path 'C:/Users/kaixunwang/Documents/ins.coe' instead.
WARNING: [Project 1-312] File not found as 'C:/Users/kaixunwang/Desktop/RISC-VCPU/Desktop/ins.coe'; using path 'C:/Users/kaixunwang/Desktop/ins.coe' instead.
Scanning sources...
Finished scanning sources
WARNING: [Project 1-312] File not found as 'C:/Users/kaixunwang/Desktop/RISC-VCPU/Desktop/test.coe'; using path 'C:/Users/kaixunwang/Desktop/test.coe' instead.
WARNING: [Project 1-312] File not found as 'C:/Users/kaixunwang/Desktop/RISC-VCPU/Documents/ins.coe'; using path 'C:/Users/kaixunwang/Documents/ins.coe' instead.
WARNING: [Project 1-312] File not found as 'C:/Users/kaixunwang/Desktop/RISC-VCPU/Desktop/ins.coe'; using path 'C:/Users/kaixunwang/Desktop/ins.coe' instead.
WARNING: [Project 1-312] File not found as 'C:/Users/kaixunwang/Desktop/RISC-VCPU/Desktop/test.coe'; using path 'C:/Users/kaixunwang/Desktop/test.coe' instead.
WARNING: [Project 1-312] File not found as 'C:/Users/kaixunwang/Desktop/RISC-VCPU/Documents/ins.coe'; using path 'C:/Users/kaixunwang/Documents/ins.coe' instead.
WARNING: [Project 1-312] File not found as 'C:/Users/kaixunwang/Desktop/RISC-VCPU/Desktop/ins.coe'; using path 'C:/Users/kaixunwang/Desktop/ins.coe' instead.
INFO: [IP_Flow 19-234] Refreshing IP repositories
INFO: [IP_Flow 19-1704] No user IP repositories specified
INFO: [IP_Flow 19-2313] Loaded Vivado IP repository 'C:/Xilinx/Vivado/2017.4/data/ip'.
update_compile_order -fileset sources_1
reset_run synth_1
reset_run prgrom_synth_1
launch_runs impl_1 -to_step write_bitstream -jobs 19
INFO: [IP_Flow 19-1686] Generating 'Synthesis' target for IP 'prgrom'...
ERROR: [Ipptcl 7-519] NULL COE Data pointer: Unable to open the file 
ERROR: [Common 17-39] 'ipgui::get_coe_val' failed due to earlier errors.
CRITICAL WARNING: [IP_Flow 19-1747] Failed to deliver file 'c:/Xilinx/Vivado/2017.4/data/ip/xilinx/blk_mem_gen_v8_4/hdl/mem_init_file.xit': ERROR: [Common 17-39] 'ipgui::get_coe_val' failed due to earlier errors.

ERROR: [IP_Flow 19-167] Failed to deliver one or more file(s).
ERROR: [IP_Flow 19-3505] IP Generation error: Failed to generate IP 'prgrom'. Failed to generate 'Vivado VHDL Synthesis' outputs: 
ERROR: [IP_Flow 19-98] Generation of the IP CORE failed.
Failed to generate IP 'prgrom'. Failed to generate 'Vivado VHDL Synthesis' outputs: 
INFO: [Device 21-403] Loading part xc7a35tcsg324-1
WARNING: [IP_Flow 19-4067] Ignoring invalid widget type specified checkbox.Providing a default widget
WARNING: [IP_Flow 19-4067] Ignoring invalid widget type specified checkbox.Providing a default widget
set_property -dict [list CONFIG.Coe_File {C:/Users/kaixunwang/Documents/ins.coe}] [get_ips prgrom]
INFO: [IP_Flow 19-3484] Absolute path of file 'c:/Users/kaixunwang/Documents/ins.coe' provided. It will be converted relative to IP Instance files '../../../../../../../../Documents/ins.coe'
generate_target all [get_files  C:/Users/kaixunwang/Desktop/RISC-VCPU/RISC-VCPU/RISC-VCPU/RISC-VCPU.srcs/sources_1/ip/prgrom/prgrom.xci]
INFO: [IP_Flow 19-1686] Generating 'Synthesis' target for IP 'prgrom'...
catch { config_ip_cache -export [get_ips -all prgrom] }
export_ip_user_files -of_objects [get_files C:/Users/kaixunwang/Desktop/RISC-VCPU/RISC-VCPU/RISC-VCPU/RISC-VCPU.srcs/sources_1/ip/prgrom/prgrom.xci] -no_script -sync -force -quiet
launch_runs -jobs 19 prgrom_synth_1
[Mon May 19 22:24:46 2025] Launched prgrom_synth_1...
Run output will be captured here: C:/Users/kaixunwang/Desktop/RISC-VCPU/RISC-VCPU/RISC-VCPU/RISC-VCPU.runs/prgrom_synth_1/runme.log
export_simulation -of_objects [get_files C:/Users/kaixunwang/Desktop/RISC-VCPU/RISC-VCPU/RISC-VCPU/RISC-VCPU.srcs/sources_1/ip/prgrom/prgrom.xci] -directory C:/Users/kaixunwang/Desktop/RISC-VCPU/RISC-VCPU/RISC-VCPU/RISC-VCPU.ip_user_files/sim_scripts -ip_user_files_dir C:/Users/kaixunwang/Desktop/RISC-VCPU/RISC-VCPU/RISC-VCPU/RISC-VCPU.ip_user_files -ipstatic_source_dir C:/Users/kaixunwang/Desktop/RISC-VCPU/RISC-VCPU/RISC-VCPU/RISC-VCPU.ip_user_files/ipstatic -lib_map_path [list {modelsim=C:/Users/kaixunwang/Desktop/RISC-VCPU/RISC-VCPU/RISC-VCPU/RISC-VCPU.cache/compile_simlib/modelsim} {questa=C:/Users/kaixunwang/Desktop/RISC-VCPU/RISC-VCPU/RISC-VCPU/RISC-VCPU.cache/compile_simlib/questa} {riviera=C:/Users/kaixunwang/Desktop/RISC-VCPU/RISC-VCPU/RISC-VCPU/RISC-VCPU.cache/compile_simlib/riviera} {activehdl=C:/Users/kaixunwang/Desktop/RISC-VCPU/RISC-VCPU/RISC-VCPU/RISC-VCPU.cache/compile_simlib/activehdl}] -use_ip_compiled_libs -force -quiet
export_ip_user_files -of_objects  [get_files c:/Users/kaixunwang/Desktop/RISC-VCPU/Documents/ins.coe] -no_script -reset -force -quiet
remove_files  c:/Users/kaixunwang/Desktop/RISC-VCPU/Documents/ins.coe
launch_runs impl_1 -to_step write_bitstream -jobs 19
[Mon May 19 22:25:07 2025] Launched prgrom_synth_1, synth_1...
Run output will be captured here:
prgrom_synth_1: C:/Users/kaixunwang/Desktop/RISC-VCPU/RISC-VCPU/RISC-VCPU/RISC-VCPU.runs/prgrom_synth_1/runme.log
synth_1: C:/Users/kaixunwang/Desktop/RISC-VCPU/RISC-VCPU/RISC-VCPU/RISC-VCPU.runs/synth_1/runme.log
[Mon May 19 22:25:07 2025] Launched impl_1...
Run output will be captured here: C:/Users/kaixunwang/Desktop/RISC-VCPU/RISC-VCPU/RISC-VCPU/RISC-VCPU.runs/impl_1/runme.log
open_hw
connect_hw_server
INFO: [Labtools 27-2285] Connecting to hw_server url TCP:localhost:3121
INFO: [Labtools 27-2222] Launching hw_server...
INFO: [Labtools 27-2221] Launch Output:

****** Xilinx hw_server v2017.4
  **** Build date : Dec 15 2017-21:08:27
    ** Copyright 1986-2017 Xilinx, Inc. All Rights Reserved.


open_hw_target
INFO: [Labtoolstcl 44-466] Opening hw_target localhost:3121/xilinx_tcf/Xilinx/1234-tulA
set_property PROGRAM.FILE {C:/Users/kaixunwang/Desktop/RISC-VCPU/RISC-VCPU/RISC-VCPU/RISC-VCPU.runs/impl_1/cpu.bit} [get_hw_devices xc7a35t_0]
current_hw_device [get_hw_devices xc7a35t_0]
refresh_hw_device -update_hw_probes false [lindex [get_hw_devices xc7a35t_0] 0]
INFO: [Labtools 27-1434] Device xc7a35t (JTAG device index = 0) is programmed with a design that has no supported debug core(s) in it.
WARNING: [Labtools 27-3361] The debug hub core was not detected.
Resolution: 
1. Make sure the clock connected to the debug hub (dbg_hub) core is a free running clock and is active.
2. Make sure the BSCAN_SWITCH_USER_MASK device property in Vivado Hardware Manager reflects the user scan chain setting in the design and refresh the device.  To determine the user scan chain setting in the design, open the implemented design and use 'get_property C_USER_SCAN_CHAIN [get_debug_cores dbg_hub]'.
For more details on setting the scan chain property, consult the Vivado Debug and Programming User Guide (UG908).
set_property PROBES.FILE {} [get_hw_devices xc7a35t_0]
set_property FULL_PROBES.FILE {} [get_hw_devices xc7a35t_0]
set_property PROGRAM.FILE {C:/Users/kaixunwang/Desktop/RISC-VCPU/RISC-VCPU/RISC-VCPU/RISC-VCPU.runs/impl_1/cpu.bit} [get_hw_devices xc7a35t_0]
program_hw_devices [get_hw_devices xc7a35t_0]
INFO: [Labtools 27-3164] End of startup status: HIGH
refresh_hw_device [lindex [get_hw_devices xc7a35t_0] 0]
INFO: [Labtools 27-1434] Device xc7a35t (JTAG device index = 0) is programmed with a design that has no supported debug core(s) in it.
WARNING: [Labtools 27-3361] The debug hub core was not detected.
Resolution: 
1. Make sure the clock connected to the debug hub (dbg_hub) core is a free running clock and is active.
2. Make sure the BSCAN_SWITCH_USER_MASK device property in Vivado Hardware Manager reflects the user scan chain setting in the design and refresh the device.  To determine the user scan chain setting in the design, open the implemented design and use 'get_property C_USER_SCAN_CHAIN [get_debug_cores dbg_hub]'.
For more details on setting the scan chain property, consult the Vivado Debug and Programming User Guide (UG908).
exit
INFO: [Common 17-206] Exiting Vivado at Mon May 19 22:37:00 2025...
